{
  "stats": {
    "suites": 1,
    "tests": 6,
    "passes": 6,
    "pending": 0,
    "failures": 0,
    "start": "2020-07-26T04:09:26.856Z",
    "end": "2020-07-26T04:10:48.908Z",
    "duration": 82052,
    "testsRegistered": 6,
    "passPercent": 100,
    "pendingPercent": 0,
    "other": 0,
    "hasOther": false,
    "skipped": 0,
    "hasSkipped": false
  },
  "results": [
    {
      "uuid": "33bced58-f27b-40d0-97ac-5c61d7581631",
      "title": "",
      "fullFile": "cypress\\integration\\AutomationPracticeRunner.js",
      "file": "cypress\\integration\\AutomationPracticeRunner.js",
      "beforeHooks": [],
      "afterHooks": [],
      "tests": [],
      "suites": [
        {
          "uuid": "34f59d1d-0ae5-4f7c-b0d8-12d364708246",
          "title": "Automation Practice App Suite",
          "fullFile": "",
          "file": "",
          "beforeHooks": [],
          "afterHooks": [],
          "tests": [
            {
              "title": "Verify Acccount Creation in Automation Practice App",
              "fullTitle": "Automation Practice App Suite Verify Acccount Creation in Automation Practice App",
              "timedOut": null,
              "duration": 55624,
              "state": "passed",
              "speed": "slow",
              "pass": true,
              "fail": false,
              "pending": false,
              "context": null,
              "code": "homepge.clickSignButton();\nauthPage.enterEmail(this.data.email);\nauthPage.clickOnCreateAnAcoountButton();\naccountCreationPage.clickOnTitleRadioButton();\naccountCreationPage.enterFirstName(this.data.firstName);\naccountCreationPage.enterLastName(this.data.lastName);\naccountCreationPage.enterPassword(this.data.password);\naccountCreationPage.enterCompanyName(this.data.company);\naccountCreationPage.enterAddressOne(this.data.address1);\naccountCreationPage.enterAddressTwo(this.data.address2);\naccountCreationPage.enterCity(this.data.city);\naccountCreationPage.enterState(this.data.state);\naccountCreationPage.enterPostalCode(this.data.zipCode);\naccountCreationPage.enterOtherInfo(this.data.otherInfo);\naccountCreationPage.enterPhoneNumber(this.data.homePhone);\naccountCreationPage.enterMobileNumber(this.data.mobilePhone);\naccountCreationPage.clickOnSubmitButton();\nmyAccountPage.validateMyAccountPageLanding(this.data.myAccountPageTitle, this.data.firstName, this.data.lastName);",
              "err": {},
              "uuid": "fd58520d-cdb7-4780-acf5-4caf12531997",
              "parentUUID": "34f59d1d-0ae5-4f7c-b0d8-12d364708246",
              "isHook": false,
              "skipped": false
            },
            {
              "title": "Verify My Account Page to Home Page Navigation",
              "fullTitle": "Automation Practice App Suite Verify My Account Page to Home Page Navigation",
              "timedOut": null,
              "duration": 6873,
              "state": "passed",
              "speed": "slow",
              "pass": true,
              "fail": false,
              "pending": false,
              "context": null,
              "code": "myAccountPage.backNavigationToHomePage(Cypress.config().appURL, this.data.homePageTitle);\nhomepge.homePageBackValidation();",
              "err": {},
              "uuid": "c766db39-73de-4d71-8dac-e5cf16473d7f",
              "parentUUID": "34f59d1d-0ae5-4f7c-b0d8-12d364708246",
              "isHook": false,
              "skipped": false
            },
            {
              "title": "Verify Dress Page",
              "fullTitle": "Automation Practice App Suite Verify Dress Page",
              "timedOut": null,
              "duration": 11842,
              "state": "passed",
              "speed": "slow",
              "pass": true,
              "fail": false,
              "pending": false,
              "context": null,
              "code": "dressPage.clickOnDressTabButton();\ndressPage.validateMyAccountPageLanding(this.data.dressesPageTitle);\ndressPage.verifyMoChecBoxGotSelected();\ndressPage.verifyGridViewItems();",
              "err": {},
              "uuid": "67c43173-7d27-483f-8001-36d3f6920f86",
              "parentUUID": "34f59d1d-0ae5-4f7c-b0d8-12d364708246",
              "isHook": false,
              "skipped": false
            },
            {
              "title": "Verify Dress Page and Grid View",
              "fullTitle": "Automation Practice App Suite Verify Dress Page and Grid View",
              "timedOut": null,
              "duration": 45,
              "state": "passed",
              "speed": "medium",
              "pass": true,
              "fail": false,
              "pending": false,
              "context": null,
              "code": "dressPage.verifyGridViewItems();",
              "err": {},
              "uuid": "2dd533fd-1a20-4711-87da-d5093150a260",
              "parentUUID": "34f59d1d-0ae5-4f7c-b0d8-12d364708246",
              "isHook": false,
              "skipped": false
            },
            {
              "title": "Verify Dress Page List View",
              "fullTitle": "Automation Practice App Suite Verify Dress Page List View",
              "timedOut": null,
              "duration": 375,
              "state": "passed",
              "speed": "slow",
              "pass": true,
              "fail": false,
              "pending": false,
              "context": null,
              "code": "dressPage.verifyListViewItems();\ndressPage.verifyPriceAvailableForAll();",
              "err": {},
              "uuid": "e81cd062-d80a-4526-bd6a-9d72ea750d0e",
              "parentUUID": "34f59d1d-0ae5-4f7c-b0d8-12d364708246",
              "isHook": false,
              "skipped": false
            },
            {
              "title": "Verify Summwer Dresses filter in Dresses Page",
              "fullTitle": "Automation Practice App Suite Verify Summwer Dresses filter in Dresses Page",
              "timedOut": null,
              "duration": 288,
              "state": "passed",
              "speed": "slow",
              "pass": true,
              "fail": false,
              "pending": false,
              "context": null,
              "code": "dressPage.verifyListViewItems();\ndressPage.verifyPriceAvailableForAll();",
              "err": {},
              "uuid": "24ad35ca-527b-4f1c-b52e-02744ff5d6a1",
              "parentUUID": "34f59d1d-0ae5-4f7c-b0d8-12d364708246",
              "isHook": false,
              "skipped": false
            }
          ],
          "suites": [],
          "passes": [
            "fd58520d-cdb7-4780-acf5-4caf12531997",
            "c766db39-73de-4d71-8dac-e5cf16473d7f",
            "67c43173-7d27-483f-8001-36d3f6920f86",
            "2dd533fd-1a20-4711-87da-d5093150a260",
            "e81cd062-d80a-4526-bd6a-9d72ea750d0e",
            "24ad35ca-527b-4f1c-b52e-02744ff5d6a1"
          ],
          "failures": [],
          "pending": [],
          "skipped": [],
          "duration": 75047,
          "root": false,
          "rootEmpty": false,
          "_timeout": 2000
        }
      ],
      "passes": [],
      "failures": [],
      "pending": [],
      "skipped": [],
      "duration": 0,
      "root": true,
      "rootEmpty": true,
      "_timeout": 2000
    }
  ],
  "meta": {
    "mocha": {
      "version": "7.0.1"
    },
    "mochawesome": {
      "options": {
        "quiet": false,
        "reportFilename": "mochawesome",
        "saveHtml": false,
        "saveJson": true,
        "consoleReporter": "spec",
        "useInlineDiffs": false,
        "code": true
      },
      "version": "6.1.1"
    },
    "marge": {
      "options": {
        "reportDir": "cypress/results",
        "overwrite": false,
        "html": false,
        "json": true
      },
      "version": "5.1.0"
    }
  }
}