{
  "stats": {
    "suites": 1,
    "tests": 6,
    "passes": 5,
    "pending": 0,
    "failures": 1,
    "start": "2020-07-26T03:40:23.547Z",
    "end": "2020-07-26T03:43:30.004Z",
    "duration": 186457,
    "testsRegistered": 6,
    "passPercent": 83.33333333333334,
    "pendingPercent": 0,
    "other": 0,
    "hasOther": false,
    "skipped": 0,
    "hasSkipped": false
  },
  "results": [
    {
      "uuid": "b8acfd33-e4bd-445f-8755-892979ea2433",
      "title": "",
      "fullFile": "cypress\\integration\\AutomationPracticeRunner.js",
      "file": "cypress\\integration\\AutomationPracticeRunner.js",
      "beforeHooks": [],
      "afterHooks": [],
      "tests": [],
      "suites": [
        {
          "uuid": "ded07723-fe77-4310-9c85-894728ef263c",
          "title": "Automation Practice App Suite",
          "fullFile": "",
          "file": "",
          "beforeHooks": [],
          "afterHooks": [],
          "tests": [
            {
              "title": "Verify Acccount Creation in Automation Practice App",
              "fullTitle": "Automation Practice App Suite Verify Acccount Creation in Automation Practice App",
              "timedOut": null,
              "duration": 91061,
              "state": "failed",
              "speed": null,
              "pass": false,
              "fail": true,
              "pending": false,
              "context": null,
              "code": "homepge.clickSignButton();\nauthPage.enterEmail(this.data.email);\nauthPage.clickOnCreateAnAcoountButton();\naccountCreationPage.clickOnTitleRadioButton();\naccountCreationPage.enterFirstName(this.data.firstName);\naccountCreationPage.enterLastName(this.data.lastName);\naccountCreationPage.enterPassword(this.data.password);\naccountCreationPage.enterCompanyName(this.data.company);\naccountCreationPage.enterAddressOne(this.data.address1);\naccountCreationPage.enterAddressTwo(this.data.address2);\naccountCreationPage.enterCity(this.data.city);\naccountCreationPage.enterState(this.data.state);\naccountCreationPage.enterPostalCode(this.data.zipCode);\naccountCreationPage.enterOtherInfo(this.data.otherInfo);\naccountCreationPage.enterPhoneNumber(this.data.homePhone);\naccountCreationPage.enterMobileNumber(this.data.mobilePhone);\naccountCreationPage.clickOnSubmitButton();\nmyAccountPage.validateMyAccountPageLanding(this.data.myAccountPageTitle, this.data.firstName, this.data.lastName);",
              "err": {
                "message": "AssertionError: Timed out retrying: Expected to find element: `#id_gender1`, but never found it.",
                "estack": "AssertionError: Timed out retrying: Expected to find element: `#id_gender1`, but never found it.\n    at AccountCreationPage.clickOnTitleRadioButton (http://automationpractice.com/__cypress/tests?p=cypress\\integration\\AutomationPracticeRunner.js:113:10)\n    at Context.eval (http://automationpractice.com/__cypress/tests?p=cypress\\integration\\AutomationPracticeRunner.js:35:25)",
                "diff": null
              },
              "uuid": "2d9b6d10-d817-4f5f-928b-4c5975cd0e65",
              "parentUUID": "ded07723-fe77-4310-9c85-894728ef263c",
              "isHook": false,
              "skipped": false
            },
            {
              "title": "Verify My Account Page to Home Page Navigation",
              "fullTitle": "Automation Practice App Suite Verify My Account Page to Home Page Navigation",
              "timedOut": null,
              "duration": 28808,
              "state": "passed",
              "speed": "slow",
              "pass": true,
              "fail": false,
              "pending": false,
              "context": null,
              "code": "myAccountPage.backNavigationToHomePage(Cypress.config().appURL, this.data.homePageTitle);\nhomepge.homePageBackValidation();",
              "err": {},
              "uuid": "1f378e86-6acb-42b8-9f0b-16f5b49ca3bd",
              "parentUUID": "ded07723-fe77-4310-9c85-894728ef263c",
              "isHook": false,
              "skipped": false
            },
            {
              "title": "Verify Dress Page",
              "fullTitle": "Automation Practice App Suite Verify Dress Page",
              "timedOut": null,
              "duration": 35687,
              "state": "passed",
              "speed": "slow",
              "pass": true,
              "fail": false,
              "pending": false,
              "context": null,
              "code": "dressPage.clickOnDressTabButton();\ndressPage.validateMyAccountPageLanding(this.data.dressesPageTitle);\ndressPage.verifyMoChecBoxGotSelected();\ndressPage.verifyGridViewItems();",
              "err": {},
              "uuid": "06747fc1-0e15-4655-b9fa-2276d093429f",
              "parentUUID": "ded07723-fe77-4310-9c85-894728ef263c",
              "isHook": false,
              "skipped": false
            },
            {
              "title": "Verify Dress Page and Grid View",
              "fullTitle": "Automation Practice App Suite Verify Dress Page and Grid View",
              "timedOut": null,
              "duration": 4561,
              "state": "passed",
              "speed": "slow",
              "pass": true,
              "fail": false,
              "pending": false,
              "context": null,
              "code": "dressPage.verifyGridViewItems();",
              "err": {},
              "uuid": "bf471893-1d67-4161-9964-73252129e59b",
              "parentUUID": "ded07723-fe77-4310-9c85-894728ef263c",
              "isHook": false,
              "skipped": false
            },
            {
              "title": "Verify Dress Page List View",
              "fullTitle": "Automation Practice App Suite Verify Dress Page List View",
              "timedOut": null,
              "duration": 4149,
              "state": "passed",
              "speed": "slow",
              "pass": true,
              "fail": false,
              "pending": false,
              "context": null,
              "code": "dressPage.verifyListViewItems();\ndressPage.verifyPriceAvailableForAll();",
              "err": {},
              "uuid": "9804413f-8705-4c28-97d9-0261c8b0b07f",
              "parentUUID": "ded07723-fe77-4310-9c85-894728ef263c",
              "isHook": false,
              "skipped": false
            },
            {
              "title": "Verify Summwer Dresses filter in Dresses Page",
              "fullTitle": "Automation Practice App Suite Verify Summwer Dresses filter in Dresses Page",
              "timedOut": null,
              "duration": 2963,
              "state": "passed",
              "speed": "slow",
              "pass": true,
              "fail": false,
              "pending": false,
              "context": null,
              "code": "dressPage.verifyListViewItems();\ndressPage.verifyPriceAvailableForAll();",
              "err": {},
              "uuid": "92c9708d-0b70-4859-8564-22cfe106ec9c",
              "parentUUID": "ded07723-fe77-4310-9c85-894728ef263c",
              "isHook": false,
              "skipped": false
            }
          ],
          "suites": [],
          "passes": [
            "1f378e86-6acb-42b8-9f0b-16f5b49ca3bd",
            "06747fc1-0e15-4655-b9fa-2276d093429f",
            "bf471893-1d67-4161-9964-73252129e59b",
            "9804413f-8705-4c28-97d9-0261c8b0b07f",
            "92c9708d-0b70-4859-8564-22cfe106ec9c"
          ],
          "failures": [
            "2d9b6d10-d817-4f5f-928b-4c5975cd0e65"
          ],
          "pending": [],
          "skipped": [],
          "duration": 167229,
          "root": false,
          "rootEmpty": false,
          "_timeout": 2000
        }
      ],
      "passes": [],
      "failures": [],
      "pending": [],
      "skipped": [],
      "duration": 0,
      "root": true,
      "rootEmpty": true,
      "_timeout": 2000
    }
  ],
  "meta": {
    "mocha": {
      "version": "7.0.1"
    },
    "mochawesome": {
      "options": {
        "quiet": false,
        "reportFilename": "mochawesome",
        "saveHtml": false,
        "saveJson": true,
        "consoleReporter": "spec",
        "useInlineDiffs": false,
        "code": true
      },
      "version": "6.1.1"
    },
    "marge": {
      "options": {
        "reportDir": "cypress/results",
        "overwrite": false,
        "html": false,
        "json": true
      },
      "version": "5.1.0"
    }
  }
}